[2021-01-26 00:30:57][ERROR] Error : Message: chrome not reachable
  (Session info: chrome=87.0.4280.141)

[2021-01-26 00:31:10][ERROR] Error : Message: chrome not reachable
  (Session info: chrome=87.0.4280.141)

[2021-01-26 00:31:24][ERROR] Error : Message: chrome not reachable
  (Session info: chrome=87.0.4280.141)

[2021-01-26 00:31:37][ERROR] Error : Message: chrome not reachable
  (Session info: chrome=87.0.4280.141)

[2021-01-26 09:00:07][ERROR] Error : Message: element not interactable
  (Session info: chrome=87.0.4280.141)

[2021-01-26 09:08:17][ERROR] Error : Message: element not interactable
  (Session info: chrome=87.0.4280.141)

[2021-01-26 14:49:29][ERROR] Error : Message: element not interactable
  (Session info: chrome=87.0.4280.141)

[2021-01-26 17:01:19][ERROR] Error : (1267, "Illegal mix of collations (utf32_general_ci,IMPLICIT) and (utf8_general_ci,COERCIBLE) for operation '='")
[2021-01-26 17:23:13][ERROR] Error : (1267, "Illegal mix of collations (utf32_general_ci,IMPLICIT) and (utf8_general_ci,COERCIBLE) for operation '='")
[2021-01-26 17:38:39][ERROR] Error : (1267, "Illegal mix of collations (utf32_general_ci,IMPLICIT) and (utf8_general_ci,COERCIBLE) for operation '='")
[2021-01-26 20:35:13][ERROR] Error : (1267, "Illegal mix of collations (utf32_general_ci,IMPLICIT) and (utf8_general_ci,COERCIBLE) for operation '='")
[2021-01-26 20:56:36][ERROR] Error : Message: element not interactable
  (Session info: chrome=87.0.4280.141)

[2021-01-26 21:02:02][ERROR] Error : (1267, "Illegal mix of collations (utf32_general_ci,IMPLICIT) and (utf8_general_ci,COERCIBLE) for operation '='")
[2021-01-27 12:10:07][ERROR] Error : 'NoneType' object has no attribute 'find'
[2021-01-27 12:18:55][ERROR] Error : 'NoneType' object has no attribute 'find'
[2021-01-27 14:44:23][ERROR] Error : (1267, "Illegal mix of collations (utf32_general_ci,IMPLICIT) and (utf8_general_ci,COERCIBLE) for operation '='")
[2021-01-27 14:55:43][ERROR] Error : (1267, "Illegal mix of collations (utf32_general_ci,IMPLICIT) and (utf8_general_ci,COERCIBLE) for operation '='")
[2021-01-29 12:38:04][ERROR] Error : (1267, "Illegal mix of collations (utf32_general_ci,IMPLICIT) and (utf8_general_ci,COERCIBLE) for operation '='")
[2021-01-29 12:51:56][ERROR] Error : (1267, "Illegal mix of collations (utf32_general_ci,IMPLICIT) and (utf8_general_ci,COERCIBLE) for operation '='")
[2021-01-29 13:09:07][ERROR] Error : (1267, "Illegal mix of collations (utf32_general_ci,IMPLICIT) and (utf8_general_ci,COERCIBLE) for operation '='")
[2021-01-29 13:24:46][ERROR] Error : (1267, "Illegal mix of collations (utf32_general_ci,IMPLICIT) and (utf8_general_ci,COERCIBLE) for operation '='")
[2021-01-29 15:02:08][ERROR] Error : (1267, "Illegal mix of collations (utf32_general_ci,IMPLICIT) and (utf8_general_ci,COERCIBLE) for operation '='")
[2021-01-29 15:05:59][ERROR] Error : 'NoneType' object has no attribute 'find'
[2021-01-29 15:20:31][ERROR] Error : (1267, "Illegal mix of collations (utf32_general_ci,IMPLICIT) and (utf8_general_ci,COERCIBLE) for operation '='")
[2021-01-29 15:51:15][ERROR] Error : (1267, "Illegal mix of collations (utf32_general_ci,IMPLICIT) and (utf8_general_ci,COERCIBLE) for operation '='")
[2021-01-29 15:55:06][ERROR] Error : 'NoneType' object has no attribute 'find'
[2021-01-29 16:12:49][ERROR] Error : 'NoneType' object has no attribute 'find'
[2021-01-29 16:43:12][ERROR] Error : 'NoneType' object has no attribute 'find'
[2021-01-29 17:13:39][ERROR] Error : 'NoneType' object has no attribute 'find'
[2021-01-29 17:44:08][ERROR] Error : 'NoneType' object has no attribute 'find'
[2021-01-29 18:01:17][ERROR] Error : 'NoneType' object has no attribute 'find'
[2021-01-29 18:31:30][ERROR] Error : 'NoneType' object has no attribute 'find'
[2021-02-01 09:57:19][ERROR] Error : HTTPSConnectionPool(host='kapi.kakao.com', port=443): Max retries exceeded with url: /v2/api/talk/memo/default/send (Caused by NewConnectionError('<urllib3.connection.VerifiedHTTPSConnection object at 0x000001EEBDB9E848>: Failed to establish a new connection: [WinError 10060] 연결된 구성원으로부터 응답이 없어 연결하지 못했거나, 호스트로부터 응답이 없어 연결이 끊어졌습니다'))
[2021-02-01 10:20:01][ERROR] Error : (1267, "Illegal mix of collations (utf32_general_ci,IMPLICIT) and (utf8_general_ci,COERCIBLE) for operation '='")
[2021-02-01 11:28:12][ERROR] Error : 'NoneType' object has no attribute 'find'
[2021-02-01 11:57:41][ERROR] Error : 'NoneType' object has no attribute 'find'
[2021-02-01 13:12:37][ERROR] Error : (1267, "Illegal mix of collations (utf32_general_ci,IMPLICIT) and (utf8_general_ci,COERCIBLE) for operation '='")
[2021-02-01 16:33:13][ERROR] Error : (1267, "Illegal mix of collations (utf32_general_ci,IMPLICIT) and (utf8_general_ci,COERCIBLE) for operation '='")
[2021-02-01 23:07:30][ERROR] Error : (1267, "Illegal mix of collations (utf32_general_ci,IMPLICIT) and (utf8_general_ci,COERCIBLE) for operation '='")
[2021-02-02 00:58:25][ERROR] Error : Message: disconnected: not connected to DevTools
  (Session info: chrome=87.0.4280.141)

[2021-02-02 08:22:40][ERROR] Error : 'access_token'
[2021-02-02 09:20:29][ERROR] Error : 'NoneType' object has no attribute 'find'
[2021-02-02 09:50:36][ERROR] Error : 'NoneType' object has no attribute 'find'
[2021-02-02 10:16:28][ERROR] Error : 'NoneType' object has no attribute 'find'
[2021-02-02 10:45:39][ERROR] Error : 'NoneType' object has no attribute 'find'
[2021-02-02 12:01:19][ERROR] Error : (1267, "Illegal mix of collations (utf32_general_ci,IMPLICIT) and (utf8_general_ci,COERCIBLE) for operation '='")
[2021-02-02 12:31:24][ERROR] Error : (1267, "Illegal mix of collations (utf32_general_ci,IMPLICIT) and (utf8_general_ci,COERCIBLE) for operation '='")
[2021-02-02 13:43:16][ERROR] Error : (1267, "Illegal mix of collations (utf32_general_ci,IMPLICIT) and (utf8_general_ci,COERCIBLE) for operation '='")
[2021-02-02 14:00:11][ERROR] Error : (1267, "Illegal mix of collations (utf32_general_ci,IMPLICIT) and (utf8_general_ci,COERCIBLE) for operation '='")
[2021-02-02 16:24:10][ERROR] Error : HTTPSConnectionPool(host='kapi.kakao.com', port=443): Max retries exceeded with url: /v2/api/talk/memo/default/send (Caused by NewConnectionError('<urllib3.connection.VerifiedHTTPSConnection object at 0x0000029A9A754688>: Failed to establish a new connection: [WinError 10060] 연결된 구성원으로부터 응답이 없어 연결하지 못했거나, 호스트로부터 응답이 없어 연결이 끊어졌습니다'))
[2021-02-02 16:51:54][ERROR] Error : HTTPSConnectionPool(host='kapi.kakao.com', port=443): Max retries exceeded with url: /v2/api/talk/memo/default/send (Caused by NewConnectionError('<urllib3.connection.VerifiedHTTPSConnection object at 0x0000029A9BDC8F08>: Failed to establish a new connection: [WinError 10060] 연결된 구성원으로부터 응답이 없어 연결하지 못했거나, 호스트로부터 응답이 없어 연결이 끊어졌습니다'))
[2021-02-02 21:44:08][ERROR] Error : 'NoneType' object has no attribute 'find'
[2021-02-02 22:01:08][ERROR] Error : 'NoneType' object has no attribute 'find'
[2021-02-02 22:31:28][ERROR] Error : 'NoneType' object has no attribute 'find'
[2021-02-02 23:01:27][ERROR] Error : 'NoneType' object has no attribute 'find'
[2021-02-03 00:00:56][ERROR] Error : Message: disconnected: unable to send message to renderer
  (Session info: chrome=87.0.4280.141)

[2021-02-03 08:27:07][ERROR] Error : Message: chrome not reachable
  (Session info: chrome=87.0.4280.141)

[2021-02-03 08:28:20][ERROR] Error : Message: chrome not reachable
  (Session info: chrome=87.0.4280.141)

[2021-02-03 08:29:34][ERROR] Error : Message: chrome not reachable
  (Session info: chrome=87.0.4280.141)

[2021-02-03 08:30:47][ERROR] Error : Message: chrome not reachable
  (Session info: chrome=87.0.4280.141)

[2021-02-03 08:32:00][ERROR] Error : Message: chrome not reachable
  (Session info: chrome=87.0.4280.141)

[2021-02-03 08:33:13][ERROR] Error : Message: chrome not reachable
  (Session info: chrome=87.0.4280.141)

[2021-02-03 08:34:26][ERROR] Error : Message: chrome not reachable
  (Session info: chrome=87.0.4280.141)

[2021-02-03 08:35:39][ERROR] Error : Message: chrome not reachable
  (Session info: chrome=87.0.4280.141)

[2021-02-03 08:36:52][ERROR] Error : Message: chrome not reachable
  (Session info: chrome=87.0.4280.141)

[2021-02-03 08:38:06][ERROR] Error : Message: chrome not reachable
  (Session info: chrome=87.0.4280.141)

[2021-02-03 08:39:19][ERROR] Error : Message: chrome not reachable
  (Session info: chrome=87.0.4280.141)

[2021-02-03 08:40:32][ERROR] Error : Message: chrome not reachable
  (Session info: chrome=87.0.4280.141)

[2021-02-03 08:41:45][ERROR] Error : Message: chrome not reachable
  (Session info: chrome=87.0.4280.141)

[2021-02-03 08:42:58][ERROR] Error : Message: chrome not reachable
  (Session info: chrome=87.0.4280.141)

[2021-02-03 08:44:11][ERROR] Error : Message: chrome not reachable
  (Session info: chrome=87.0.4280.141)

[2021-02-03 08:45:24][ERROR] Error : Message: chrome not reachable
  (Session info: chrome=87.0.4280.141)

[2021-02-03 08:46:37][ERROR] Error : Message: chrome not reachable
  (Session info: chrome=87.0.4280.141)

[2021-02-03 08:47:51][ERROR] Error : Message: chrome not reachable
  (Session info: chrome=87.0.4280.141)

[2021-02-03 08:50:19][ERROR] Error : HTTPSConnectionPool(host='kapi.kakao.com', port=443): Max retries exceeded with url: /v2/api/talk/memo/default/send (Caused by NewConnectionError('<urllib3.connection.VerifiedHTTPSConnection object at 0x0000021121207148>: Failed to establish a new connection: [WinError 10060] 연결된 구성원으로부터 응답이 없어 연결하지 못했거나, 호스트로부터 응답이 없어 연결이 끊어졌습니다'))
[2021-02-03 09:21:06][ERROR] Error : 'NoneType' object has no attribute 'find'
[2021-02-03 11:28:30][ERROR] Error : 'NoneType' object has no attribute 'find'
[2021-02-03 11:58:50][ERROR] Error : 'NoneType' object has no attribute 'find'
[2021-02-03 19:19:53][ERROR] Error : Message: element not interactable
  (Session info: chrome=87.0.4280.141)

[2021-02-03 20:45:37][ERROR] Error : (1267, "Illegal mix of collations (utf32_general_ci,IMPLICIT) and (utf8_general_ci,COERCIBLE) for operation '='")
[2021-02-03 20:59:36][ERROR] Error : (1267, "Illegal mix of collations (utf32_general_ci,IMPLICIT) and (utf8_general_ci,COERCIBLE) for operation '='")
[2021-02-03 21:16:38][ERROR] Error : (1267, "Illegal mix of collations (utf32_general_ci,IMPLICIT) and (utf8_general_ci,COERCIBLE) for operation '='")
[2021-02-03 22:01:18][ERROR] Error : Message: element not interactable
  (Session info: chrome=87.0.4280.141)

[2021-02-03 22:19:58][ERROR] Error : (1267, "Illegal mix of collations (utf32_general_ci,IMPLICIT) and (utf8_general_ci,COERCIBLE) for operation '='")
[2021-02-03 22:34:01][ERROR] Error : (1267, "Illegal mix of collations (utf32_general_ci,IMPLICIT) and (utf8_general_ci,COERCIBLE) for operation '='")
[2021-02-03 23:34:59][ERROR] Error : Message: element not interactable
  (Session info: chrome=87.0.4280.141)

[2021-02-03 23:36:33][ERROR] Error : Message: element not interactable
  (Session info: chrome=87.0.4280.141)

[2021-02-04 18:37:58][ERROR] Error : Message: no such window: window was already closed
  (Session info: chrome=87.0.4280.141)

[2021-02-04 18:39:01][ERROR] Error : Message: no such window: window was already closed
  (Session info: chrome=87.0.4280.141)

[2021-02-04 18:40:04][ERROR] Error : Message: no such window: window was already closed
  (Session info: chrome=87.0.4280.141)

[2021-02-04 18:41:07][ERROR] Error : Message: no such window: window was already closed
  (Session info: chrome=87.0.4280.141)

[2021-02-04 18:42:10][ERROR] Error : Message: no such window: window was already closed
  (Session info: chrome=87.0.4280.141)

[2021-02-04 18:43:13][ERROR] Error : Message: no such window: window was already closed
  (Session info: chrome=87.0.4280.141)

[2021-02-04 18:44:16][ERROR] Error : Message: no such window: window was already closed
  (Session info: chrome=87.0.4280.141)

[2021-02-04 18:45:19][ERROR] Error : Message: no such window: window was already closed
  (Session info: chrome=87.0.4280.141)

[2021-02-04 18:46:22][ERROR] Error : Message: no such window: window was already closed
  (Session info: chrome=87.0.4280.141)

[2021-02-04 18:49:25][ERROR] Error : Message: no such window: window was already closed
  (Session info: chrome=87.0.4280.141)

[2021-02-04 18:50:28][ERROR] Error : Message: no such window: window was already closed
  (Session info: chrome=87.0.4280.141)

[2021-02-04 18:51:31][ERROR] Error : Message: no such window: window was already closed
  (Session info: chrome=87.0.4280.141)

[2021-02-04 18:52:34][ERROR] Error : Message: no such window: window was already closed
  (Session info: chrome=87.0.4280.141)

[2021-02-04 18:53:37][ERROR] Error : Message: no such window: window was already closed
  (Session info: chrome=87.0.4280.141)

[2021-02-04 18:54:40][ERROR] Error : Message: no such window: window was already closed
  (Session info: chrome=87.0.4280.141)

[2021-02-04 18:55:44][ERROR] Error : Message: no such window: window was already closed
  (Session info: chrome=87.0.4280.141)

[2021-02-04 18:56:47][ERROR] Error : Message: no such window: window was already closed
  (Session info: chrome=87.0.4280.141)

[2021-02-04 18:57:50][ERROR] Error : Message: no such window: window was already closed
  (Session info: chrome=87.0.4280.141)

[2021-02-04 18:58:53][ERROR] Error : Message: no such window: window was already closed
  (Session info: chrome=87.0.4280.141)

[2021-02-04 18:59:56][ERROR] Error : Message: no such window: window was already closed
  (Session info: chrome=87.0.4280.141)

[2021-02-04 19:00:59][ERROR] Error : Message: no such window: window was already closed
  (Session info: chrome=87.0.4280.141)

[2021-02-04 19:02:02][ERROR] Error : Message: no such window: window was already closed
  (Session info: chrome=87.0.4280.141)

[2021-02-04 19:03:05][ERROR] Error : Message: no such window: window was already closed
  (Session info: chrome=87.0.4280.141)

[2021-02-04 19:04:08][ERROR] Error : Message: no such window: window was already closed
  (Session info: chrome=87.0.4280.141)

[2021-02-04 19:05:11][ERROR] Error : Message: no such window: window was already closed
  (Session info: chrome=87.0.4280.141)

[2021-02-04 19:06:14][ERROR] Error : Message: no such window: window was already closed
  (Session info: chrome=87.0.4280.141)

[2021-02-04 19:07:17][ERROR] Error : Message: no such window: window was already closed
  (Session info: chrome=87.0.4280.141)

[2021-02-04 19:08:20][ERROR] Error : Message: no such window: window was already closed
  (Session info: chrome=87.0.4280.141)

[2021-02-04 19:09:23][ERROR] Error : Message: no such window: window was already closed
  (Session info: chrome=87.0.4280.141)

[2021-02-04 19:10:26][ERROR] Error : Message: no such window: window was already closed
  (Session info: chrome=87.0.4280.141)

[2021-02-04 19:11:29][ERROR] Error : Message: no such window: window was already closed
  (Session info: chrome=87.0.4280.141)

[2021-02-04 19:12:32][ERROR] Error : Message: no such window: window was already closed
  (Session info: chrome=87.0.4280.141)

[2021-02-04 19:13:35][ERROR] Error : Message: no such window: window was already closed
  (Session info: chrome=87.0.4280.141)

[2021-02-04 19:14:38][ERROR] Error : Message: no such window: window was already closed
  (Session info: chrome=87.0.4280.141)

[2021-02-04 19:15:41][ERROR] Error : Message: no such window: window was already closed
  (Session info: chrome=87.0.4280.141)

[2021-02-04 19:16:44][ERROR] Error : Message: no such window: window was already closed
  (Session info: chrome=87.0.4280.141)

[2021-02-04 19:17:48][ERROR] Error : Message: no such window: window was already closed
  (Session info: chrome=87.0.4280.141)

[2021-02-04 19:18:51][ERROR] Error : Message: no such window: window was already closed
  (Session info: chrome=87.0.4280.141)

[2021-02-04 19:19:54][ERROR] Error : Message: no such window: window was already closed
  (Session info: chrome=87.0.4280.141)

[2021-02-04 19:20:57][ERROR] Error : Message: no such window: window was already closed
  (Session info: chrome=87.0.4280.141)

[2021-02-04 19:22:00][ERROR] Error : Message: no such window: window was already closed
  (Session info: chrome=87.0.4280.141)

[2021-02-04 19:23:03][ERROR] Error : Message: no such window: window was already closed
  (Session info: chrome=87.0.4280.141)

[2021-02-04 19:24:06][ERROR] Error : Message: no such window: window was already closed
  (Session info: chrome=87.0.4280.141)

[2021-02-04 19:25:09][ERROR] Error : Message: no such window: window was already closed
  (Session info: chrome=87.0.4280.141)

[2021-02-04 19:26:12][ERROR] Error : Message: no such window: window was already closed
  (Session info: chrome=87.0.4280.141)

[2021-02-04 19:27:15][ERROR] Error : Message: no such window: window was already closed
  (Session info: chrome=87.0.4280.141)

[2021-02-04 19:28:18][ERROR] Error : Message: no such window: window was already closed
  (Session info: chrome=87.0.4280.141)

[2021-02-04 19:29:21][ERROR] Error : Message: no such window: window was already closed
  (Session info: chrome=87.0.4280.141)

[2021-02-04 19:30:24][ERROR] Error : Message: no such window: window was already closed
  (Session info: chrome=87.0.4280.141)

[2021-02-04 19:31:27][ERROR] Error : Message: no such window: window was already closed
  (Session info: chrome=87.0.4280.141)

[2021-02-04 19:34:30][ERROR] Error : Message: no such window: window was already closed
  (Session info: chrome=87.0.4280.141)

[2021-02-04 19:35:33][ERROR] Error : Message: no such window: window was already closed
  (Session info: chrome=87.0.4280.141)

[2021-02-04 19:36:36][ERROR] Error : Message: no such window: window was already closed
  (Session info: chrome=87.0.4280.141)

[2021-02-04 19:37:39][ERROR] Error : Message: no such window: window was already closed
  (Session info: chrome=87.0.4280.141)

[2021-02-04 19:38:42][ERROR] Error : Message: no such window: window was already closed
  (Session info: chrome=87.0.4280.141)

[2021-02-04 19:39:45][ERROR] Error : Message: no such window: window was already closed
  (Session info: chrome=87.0.4280.141)

[2021-02-04 19:40:48][ERROR] Error : Message: no such window: window was already closed
  (Session info: chrome=87.0.4280.141)

[2021-02-04 19:41:51][ERROR] Error : Message: no such window: window was already closed
  (Session info: chrome=87.0.4280.141)

[2021-02-04 19:42:54][ERROR] Error : Message: no such window: window was already closed
  (Session info: chrome=87.0.4280.141)

[2021-02-04 19:43:57][ERROR] Error : Message: no such window: window was already closed
  (Session info: chrome=87.0.4280.141)

[2021-02-04 19:45:01][ERROR] Error : Message: no such window: window was already closed
  (Session info: chrome=87.0.4280.141)

[2021-02-04 19:46:04][ERROR] Error : Message: no such window: window was already closed
  (Session info: chrome=87.0.4280.141)

[2021-02-04 19:47:07][ERROR] Error : Message: no such window: window was already closed
  (Session info: chrome=87.0.4280.141)

[2021-02-04 19:48:10][ERROR] Error : Message: no such window: window was already closed
  (Session info: chrome=87.0.4280.141)

[2021-02-04 19:49:13][ERROR] Error : Message: no such window: window was already closed
  (Session info: chrome=87.0.4280.141)

[2021-02-04 19:50:16][ERROR] Error : Message: no such window: window was already closed
  (Session info: chrome=87.0.4280.141)

[2021-02-04 19:51:19][ERROR] Error : Message: no such window: window was already closed
  (Session info: chrome=87.0.4280.141)

[2021-02-04 19:52:22][ERROR] Error : Message: no such window: window was already closed
  (Session info: chrome=87.0.4280.141)

[2021-02-04 19:53:25][ERROR] Error : Message: no such window: window was already closed
  (Session info: chrome=87.0.4280.141)

[2021-02-04 19:54:28][ERROR] Error : Message: no such window: window was already closed
  (Session info: chrome=87.0.4280.141)

[2021-02-04 19:55:31][ERROR] Error : Message: no such window: window was already closed
  (Session info: chrome=87.0.4280.141)

[2021-02-04 19:56:34][ERROR] Error : Message: no such window: window was already closed
  (Session info: chrome=87.0.4280.141)

[2021-02-04 19:57:37][ERROR] Error : Message: no such window: window was already closed
  (Session info: chrome=87.0.4280.141)

[2021-02-04 19:58:40][ERROR] Error : Message: no such window: window was already closed
  (Session info: chrome=87.0.4280.141)

[2021-02-04 19:59:43][ERROR] Error : Message: no such window: window was already closed
  (Session info: chrome=87.0.4280.141)

[2021-02-04 20:00:46][ERROR] Error : Message: no such window: window was already closed
  (Session info: chrome=87.0.4280.141)

[2021-02-04 20:01:49][ERROR] Error : Message: no such window: window was already closed
  (Session info: chrome=87.0.4280.141)

[2021-02-04 20:02:52][ERROR] Error : Message: no such window: window was already closed
  (Session info: chrome=87.0.4280.141)

[2021-02-04 20:03:55][ERROR] Error : Message: no such window: window was already closed
  (Session info: chrome=87.0.4280.141)

[2021-02-04 20:04:58][ERROR] Error : Message: no such window: window was already closed
  (Session info: chrome=87.0.4280.141)

[2021-02-04 20:06:01][ERROR] Error : Message: no such window: window was already closed
  (Session info: chrome=87.0.4280.141)

[2021-02-04 20:07:04][ERROR] Error : Message: no such window: window was already closed
  (Session info: chrome=87.0.4280.141)

[2021-02-04 20:08:07][ERROR] Error : Message: no such window: window was already closed
  (Session info: chrome=87.0.4280.141)

[2021-02-04 20:09:10][ERROR] Error : Message: no such window: window was already closed
  (Session info: chrome=87.0.4280.141)

[2021-02-04 20:10:14][ERROR] Error : Message: no such window: window was already closed
  (Session info: chrome=87.0.4280.141)

[2021-02-04 20:11:17][ERROR] Error : Message: no such window: window was already closed
  (Session info: chrome=87.0.4280.141)

[2021-02-04 20:12:20][ERROR] Error : Message: no such window: window was already closed
  (Session info: chrome=87.0.4280.141)

[2021-02-04 20:13:23][ERROR] Error : Message: no such window: window was already closed
  (Session info: chrome=87.0.4280.141)

[2021-02-04 20:14:26][ERROR] Error : Message: no such window: window was already closed
  (Session info: chrome=87.0.4280.141)

[2021-02-04 20:15:29][ERROR] Error : Message: no such window: window was already closed
  (Session info: chrome=87.0.4280.141)

[2021-02-04 20:16:32][ERROR] Error : Message: no such window: window was already closed
  (Session info: chrome=87.0.4280.141)

[2021-02-04 20:19:35][ERROR] Error : Message: no such window: window was already closed
  (Session info: chrome=87.0.4280.141)

[2021-02-04 20:20:38][ERROR] Error : Message: no such window: window was already closed
  (Session info: chrome=87.0.4280.141)

[2021-02-04 20:21:41][ERROR] Error : Message: no such window: window was already closed
  (Session info: chrome=87.0.4280.141)

[2021-02-04 20:22:44][ERROR] Error : Message: no such window: window was already closed
  (Session info: chrome=87.0.4280.141)

[2021-02-04 20:23:47][ERROR] Error : Message: no such window: window was already closed
  (Session info: chrome=87.0.4280.141)

[2021-02-04 20:24:50][ERROR] Error : Message: no such window: window was already closed
  (Session info: chrome=87.0.4280.141)

[2021-02-04 20:25:53][ERROR] Error : Message: no such window: window was already closed
  (Session info: chrome=87.0.4280.141)

[2021-02-04 20:26:56][ERROR] Error : Message: no such window: window was already closed
  (Session info: chrome=87.0.4280.141)

[2021-02-04 20:27:59][ERROR] Error : Message: no such window: window was already closed
  (Session info: chrome=87.0.4280.141)

[2021-02-04 20:29:02][ERROR] Error : Message: no such window: window was already closed
  (Session info: chrome=87.0.4280.141)

[2021-02-04 20:30:05][ERROR] Error : Message: no such window: window was already closed
  (Session info: chrome=87.0.4280.141)

[2021-02-04 20:31:08][ERROR] Error : Message: no such window: window was already closed
  (Session info: chrome=87.0.4280.141)

[2021-02-04 20:32:11][ERROR] Error : Message: no such window: window was already closed
  (Session info: chrome=87.0.4280.141)

[2021-02-04 20:33:14][ERROR] Error : Message: no such window: window was already closed
  (Session info: chrome=87.0.4280.141)

[2021-02-04 20:34:17][ERROR] Error : Message: no such window: window was already closed
  (Session info: chrome=87.0.4280.141)

[2021-02-04 20:35:21][ERROR] Error : Message: no such window: window was already closed
  (Session info: chrome=87.0.4280.141)

[2021-02-04 20:36:24][ERROR] Error : Message: no such window: window was already closed
  (Session info: chrome=87.0.4280.141)

[2021-02-04 20:37:27][ERROR] Error : Message: no such window: window was already closed
  (Session info: chrome=87.0.4280.141)

[2021-02-04 20:38:30][ERROR] Error : Message: no such window: window was already closed
  (Session info: chrome=87.0.4280.141)

[2021-02-04 20:39:33][ERROR] Error : Message: no such window: window was already closed
  (Session info: chrome=87.0.4280.141)

[2021-02-04 20:40:36][ERROR] Error : Message: no such window: window was already closed
  (Session info: chrome=87.0.4280.141)

[2021-02-04 20:41:39][ERROR] Error : Message: no such window: window was already closed
  (Session info: chrome=87.0.4280.141)

[2021-02-04 20:42:42][ERROR] Error : Message: no such window: window was already closed
  (Session info: chrome=87.0.4280.141)

[2021-02-04 20:43:45][ERROR] Error : Message: no such window: window was already closed
  (Session info: chrome=87.0.4280.141)

[2021-02-04 20:44:48][ERROR] Error : Message: no such window: window was already closed
  (Session info: chrome=87.0.4280.141)

[2021-02-04 20:45:51][ERROR] Error : Message: no such window: window was already closed
  (Session info: chrome=87.0.4280.141)

[2021-02-04 20:46:54][ERROR] Error : Message: no such window: window was already closed
  (Session info: chrome=87.0.4280.141)

[2021-02-04 20:47:57][ERROR] Error : Message: no such window: window was already closed
  (Session info: chrome=87.0.4280.141)

[2021-02-04 20:49:00][ERROR] Error : Message: no such window: window was already closed
  (Session info: chrome=87.0.4280.141)

[2021-02-04 20:50:03][ERROR] Error : Message: no such window: window was already closed
  (Session info: chrome=87.0.4280.141)

[2021-02-04 20:51:06][ERROR] Error : Message: no such window: window was already closed
  (Session info: chrome=87.0.4280.141)

[2021-02-04 20:52:09][ERROR] Error : Message: no such window: window was already closed
  (Session info: chrome=87.0.4280.141)

[2021-02-04 20:53:12][ERROR] Error : Message: no such window: window was already closed
  (Session info: chrome=87.0.4280.141)

[2021-02-04 20:54:15][ERROR] Error : Message: no such window: window was already closed
  (Session info: chrome=87.0.4280.141)

[2021-02-04 20:55:18][ERROR] Error : Message: no such window: window was already closed
  (Session info: chrome=87.0.4280.141)

[2021-02-04 20:56:21][ERROR] Error : Message: no such window: window was already closed
  (Session info: chrome=87.0.4280.141)

[2021-02-04 20:57:25][ERROR] Error : Message: no such window: window was already closed
  (Session info: chrome=87.0.4280.141)

[2021-02-04 20:58:28][ERROR] Error : Message: no such window: window was already closed
  (Session info: chrome=87.0.4280.141)

[2021-02-04 20:59:31][ERROR] Error : Message: no such window: window was already closed
  (Session info: chrome=87.0.4280.141)

[2021-02-04 21:00:34][ERROR] Error : Message: no such window: window was already closed
  (Session info: chrome=87.0.4280.141)

[2021-02-04 21:01:37][ERROR] Error : Message: no such window: window was already closed
  (Session info: chrome=87.0.4280.141)

[2021-02-04 21:04:40][ERROR] Error : Message: no such window: window was already closed
  (Session info: chrome=87.0.4280.141)

[2021-02-04 21:05:43][ERROR] Error : Message: no such window: window was already closed
  (Session info: chrome=87.0.4280.141)

[2021-02-04 21:06:46][ERROR] Error : Message: no such window: window was already closed
  (Session info: chrome=87.0.4280.141)

[2021-02-04 21:07:49][ERROR] Error : Message: no such window: window was already closed
  (Session info: chrome=87.0.4280.141)

[2021-02-04 21:08:52][ERROR] Error : Message: no such window: window was already closed
  (Session info: chrome=87.0.4280.141)

[2021-02-04 21:09:55][ERROR] Error : Message: no such window: window was already closed
  (Session info: chrome=87.0.4280.141)

[2021-02-04 21:10:58][ERROR] Error : Message: no such window: window was already closed
  (Session info: chrome=87.0.4280.141)

[2021-02-04 21:12:01][ERROR] Error : Message: no such window: window was already closed
  (Session info: chrome=87.0.4280.141)

[2021-02-04 21:13:04][ERROR] Error : Message: no such window: window was already closed
  (Session info: chrome=87.0.4280.141)

[2021-02-04 21:14:07][ERROR] Error : Message: no such window: window was already closed
  (Session info: chrome=87.0.4280.141)

[2021-02-04 21:15:10][ERROR] Error : Message: no such window: window was already closed
  (Session info: chrome=87.0.4280.141)

[2021-02-04 21:16:13][ERROR] Error : Message: no such window: window was already closed
  (Session info: chrome=87.0.4280.141)

[2021-02-04 21:17:16][ERROR] Error : Message: no such window: window was already closed
  (Session info: chrome=87.0.4280.141)

[2021-02-04 21:18:19][ERROR] Error : Message: no such window: window was already closed
  (Session info: chrome=87.0.4280.141)

[2021-02-04 21:19:22][ERROR] Error : Message: no such window: window was already closed
  (Session info: chrome=87.0.4280.141)

[2021-02-04 21:20:26][ERROR] Error : Message: no such window: window was already closed
  (Session info: chrome=87.0.4280.141)

[2021-02-04 21:21:29][ERROR] Error : Message: no such window: window was already closed
  (Session info: chrome=87.0.4280.141)

[2021-02-04 21:22:32][ERROR] Error : Message: no such window: window was already closed
  (Session info: chrome=87.0.4280.141)

[2021-02-04 21:23:35][ERROR] Error : Message: no such window: window was already closed
  (Session info: chrome=87.0.4280.141)

[2021-02-04 21:24:38][ERROR] Error : Message: no such window: window was already closed
  (Session info: chrome=87.0.4280.141)

[2021-02-04 21:25:41][ERROR] Error : Message: no such window: window was already closed
  (Session info: chrome=87.0.4280.141)

[2021-02-04 21:26:44][ERROR] Error : Message: no such window: window was already closed
  (Session info: chrome=87.0.4280.141)

[2021-02-04 21:27:47][ERROR] Error : Message: no such window: window was already closed
  (Session info: chrome=87.0.4280.141)

[2021-02-04 21:28:50][ERROR] Error : Message: no such window: window was already closed
  (Session info: chrome=87.0.4280.141)

[2021-02-04 21:29:53][ERROR] Error : Message: no such window: window was already closed
  (Session info: chrome=87.0.4280.141)

[2021-02-04 21:30:56][ERROR] Error : Message: no such window: window was already closed
  (Session info: chrome=87.0.4280.141)

[2021-02-04 21:31:59][ERROR] Error : Message: no such window: window was already closed
  (Session info: chrome=87.0.4280.141)

[2021-02-04 21:33:02][ERROR] Error : Message: no such window: window was already closed
  (Session info: chrome=87.0.4280.141)

[2021-02-04 21:34:05][ERROR] Error : Message: no such window: window was already closed
  (Session info: chrome=87.0.4280.141)

[2021-02-04 21:35:08][ERROR] Error : Message: no such window: window was already closed
  (Session info: chrome=87.0.4280.141)

[2021-02-04 21:36:11][ERROR] Error : Message: no such window: window was already closed
  (Session info: chrome=87.0.4280.141)

[2021-02-04 21:37:14][ERROR] Error : Message: no such window: window was already closed
  (Session info: chrome=87.0.4280.141)

[2021-02-04 21:38:17][ERROR] Error : Message: no such window: window was already closed
  (Session info: chrome=87.0.4280.141)

[2021-02-04 21:39:20][ERROR] Error : Message: no such window: window was already closed
  (Session info: chrome=87.0.4280.141)

[2021-02-04 21:40:23][ERROR] Error : Message: no such window: window was already closed
  (Session info: chrome=87.0.4280.141)

[2021-02-04 21:41:26][ERROR] Error : Message: no such window: window was already closed
  (Session info: chrome=87.0.4280.141)

[2021-02-04 21:42:29][ERROR] Error : Message: no such window: window was already closed
  (Session info: chrome=87.0.4280.141)

[2021-02-04 21:43:32][ERROR] Error : Message: no such window: window was already closed
  (Session info: chrome=87.0.4280.141)

[2021-02-04 21:44:35][ERROR] Error : Message: no such window: window was already closed
  (Session info: chrome=87.0.4280.141)

[2021-02-04 21:45:38][ERROR] Error : Message: no such window: window was already closed
  (Session info: chrome=87.0.4280.141)

[2021-02-04 21:46:42][ERROR] Error : Message: no such window: window was already closed
  (Session info: chrome=87.0.4280.141)

[2021-02-04 21:49:45][ERROR] Error : Message: no such window: window was already closed
  (Session info: chrome=87.0.4280.141)

[2021-02-04 21:50:48][ERROR] Error : Message: no such window: window was already closed
  (Session info: chrome=87.0.4280.141)

[2021-02-04 21:51:51][ERROR] Error : Message: no such window: window was already closed
  (Session info: chrome=87.0.4280.141)

[2021-02-04 21:52:54][ERROR] Error : Message: no such window: window was already closed
  (Session info: chrome=87.0.4280.141)

[2021-02-04 21:53:57][ERROR] Error : Message: no such window: window was already closed
  (Session info: chrome=87.0.4280.141)

[2021-02-04 21:55:00][ERROR] Error : Message: no such window: window was already closed
  (Session info: chrome=87.0.4280.141)

[2021-02-04 21:56:03][ERROR] Error : Message: no such window: window was already closed
  (Session info: chrome=87.0.4280.141)

[2021-02-04 21:57:06][ERROR] Error : Message: no such window: window was already closed
  (Session info: chrome=87.0.4280.141)

[2021-02-04 21:58:09][ERROR] Error : Message: no such window: window was already closed
  (Session info: chrome=87.0.4280.141)

[2021-02-04 21:59:12][ERROR] Error : Message: no such window: window was already closed
  (Session info: chrome=87.0.4280.141)

[2021-02-04 22:00:15][ERROR] Error : Message: no such window: window was already closed
  (Session info: chrome=87.0.4280.141)

[2021-02-04 22:01:18][ERROR] Error : Message: no such window: window was already closed
  (Session info: chrome=87.0.4280.141)

[2021-02-04 22:02:21][ERROR] Error : Message: no such window: window was already closed
  (Session info: chrome=87.0.4280.141)

[2021-02-04 22:03:24][ERROR] Error : Message: no such window: window was already closed
  (Session info: chrome=87.0.4280.141)

[2021-02-04 22:04:27][ERROR] Error : Message: no such window: window was already closed
  (Session info: chrome=87.0.4280.141)

[2021-02-04 22:05:30][ERROR] Error : Message: no such window: window was already closed
  (Session info: chrome=87.0.4280.141)

[2021-02-04 22:06:33][ERROR] Error : Message: no such window: window was already closed
  (Session info: chrome=87.0.4280.141)

[2021-02-04 22:07:36][ERROR] Error : Message: no such window: window was already closed
  (Session info: chrome=87.0.4280.141)

[2021-02-04 22:08:39][ERROR] Error : Message: no such window: window was already closed
  (Session info: chrome=87.0.4280.141)

[2021-02-04 22:09:42][ERROR] Error : Message: no such window: window was already closed
  (Session info: chrome=87.0.4280.141)

[2021-02-04 22:10:45][ERROR] Error : Message: no such window: window was already closed
  (Session info: chrome=87.0.4280.141)

[2021-02-04 22:11:49][ERROR] Error : Message: no such window: window was already closed
  (Session info: chrome=87.0.4280.141)

[2021-02-04 22:12:52][ERROR] Error : Message: no such window: window was already closed
  (Session info: chrome=87.0.4280.141)

[2021-02-04 22:13:55][ERROR] Error : Message: no such window: window was already closed
  (Session info: chrome=87.0.4280.141)

[2021-02-04 22:14:58][ERROR] Error : Message: no such window: window was already closed
  (Session info: chrome=87.0.4280.141)

[2021-02-04 22:16:01][ERROR] Error : Message: no such window: window was already closed
  (Session info: chrome=87.0.4280.141)

[2021-02-04 22:17:04][ERROR] Error : Message: no such window: window was already closed
  (Session info: chrome=87.0.4280.141)

[2021-02-04 22:18:07][ERROR] Error : Message: no such window: window was already closed
  (Session info: chrome=87.0.4280.141)

[2021-02-04 22:19:10][ERROR] Error : Message: no such window: window was already closed
  (Session info: chrome=87.0.4280.141)

[2021-02-04 22:20:13][ERROR] Error : Message: no such window: window was already closed
  (Session info: chrome=87.0.4280.141)

[2021-02-04 22:21:16][ERROR] Error : Message: no such window: window was already closed
  (Session info: chrome=87.0.4280.141)

[2021-02-04 22:22:19][ERROR] Error : Message: no such window: window was already closed
  (Session info: chrome=87.0.4280.141)

[2021-02-04 22:23:22][ERROR] Error : Message: no such window: window was already closed
  (Session info: chrome=87.0.4280.141)

[2021-02-04 22:24:25][ERROR] Error : Message: no such window: window was already closed
  (Session info: chrome=87.0.4280.141)

[2021-02-04 22:25:28][ERROR] Error : Message: no such window: window was already closed
  (Session info: chrome=87.0.4280.141)

[2021-02-04 22:26:31][ERROR] Error : Message: no such window: window was already closed
  (Session info: chrome=87.0.4280.141)

[2021-02-04 22:27:34][ERROR] Error : Message: no such window: window was already closed
  (Session info: chrome=87.0.4280.141)

[2021-02-04 22:28:37][ERROR] Error : Message: no such window: window was already closed
  (Session info: chrome=87.0.4280.141)

[2021-02-04 22:29:40][ERROR] Error : Message: no such window: window was already closed
  (Session info: chrome=87.0.4280.141)

[2021-02-04 22:30:43][ERROR] Error : Message: no such window: window was already closed
  (Session info: chrome=87.0.4280.141)

[2021-02-04 22:31:46][ERROR] Error : Message: no such window: window was already closed
  (Session info: chrome=87.0.4280.141)

[2021-02-04 22:34:49][ERROR] Error : Message: no such window: window was already closed
  (Session info: chrome=87.0.4280.141)

[2021-02-04 22:35:53][ERROR] Error : Message: no such window: window was already closed
  (Session info: chrome=87.0.4280.141)

[2021-02-04 22:36:56][ERROR] Error : Message: no such window: window was already closed
  (Session info: chrome=87.0.4280.141)

[2021-02-04 22:37:59][ERROR] Error : Message: no such window: window was already closed
  (Session info: chrome=87.0.4280.141)

[2021-02-04 22:39:02][ERROR] Error : Message: no such window: window was already closed
  (Session info: chrome=87.0.4280.141)

[2021-02-04 22:40:05][ERROR] Error : Message: no such window: window was already closed
  (Session info: chrome=87.0.4280.141)

[2021-02-04 22:41:08][ERROR] Error : Message: no such window: window was already closed
  (Session info: chrome=87.0.4280.141)

[2021-02-04 22:42:11][ERROR] Error : Message: no such window: window was already closed
  (Session info: chrome=87.0.4280.141)

[2021-02-04 22:43:14][ERROR] Error : Message: no such window: window was already closed
  (Session info: chrome=87.0.4280.141)

[2021-02-04 22:44:17][ERROR] Error : Message: no such window: window was already closed
  (Session info: chrome=87.0.4280.141)

[2021-02-04 22:45:20][ERROR] Error : Message: no such window: window was already closed
  (Session info: chrome=87.0.4280.141)

[2021-02-04 22:46:23][ERROR] Error : Message: no such window: window was already closed
  (Session info: chrome=87.0.4280.141)

[2021-02-04 22:47:26][ERROR] Error : Message: no such window: window was already closed
  (Session info: chrome=87.0.4280.141)

[2021-02-04 22:48:29][ERROR] Error : Message: no such window: window was already closed
  (Session info: chrome=87.0.4280.141)

[2021-02-04 22:49:32][ERROR] Error : Message: no such window: window was already closed
  (Session info: chrome=87.0.4280.141)

[2021-02-04 22:50:35][ERROR] Error : Message: no such window: window was already closed
  (Session info: chrome=87.0.4280.141)

[2021-02-04 22:51:38][ERROR] Error : Message: no such window: window was already closed
  (Session info: chrome=87.0.4280.141)

[2021-02-04 22:52:41][ERROR] Error : Message: no such window: window was already closed
  (Session info: chrome=87.0.4280.141)

[2021-02-04 22:53:44][ERROR] Error : Message: no such window: window was already closed
  (Session info: chrome=87.0.4280.141)

[2021-02-04 22:54:47][ERROR] Error : Message: no such window: window was already closed
  (Session info: chrome=87.0.4280.141)

[2021-02-04 22:55:50][ERROR] Error : Message: no such window: window was already closed
  (Session info: chrome=87.0.4280.141)

[2021-02-04 22:56:53][ERROR] Error : Message: no such window: window was already closed
  (Session info: chrome=87.0.4280.141)

[2021-02-04 22:57:56][ERROR] Error : Message: no such window: window was already closed
  (Session info: chrome=87.0.4280.141)

[2021-02-04 22:59:00][ERROR] Error : Message: no such window: window was already closed
  (Session info: chrome=87.0.4280.141)

[2021-02-04 23:00:03][ERROR] Error : Message: no such window: window was already closed
  (Session info: chrome=87.0.4280.141)

[2021-02-04 23:01:06][ERROR] Error : Message: no such window: window was already closed
  (Session info: chrome=87.0.4280.141)

[2021-02-04 23:02:09][ERROR] Error : Message: no such window: window was already closed
  (Session info: chrome=87.0.4280.141)

[2021-02-04 23:03:12][ERROR] Error : Message: no such window: window was already closed
  (Session info: chrome=87.0.4280.141)

[2021-02-04 23:04:15][ERROR] Error : Message: no such window: window was already closed
  (Session info: chrome=87.0.4280.141)

[2021-02-04 23:05:18][ERROR] Error : Message: no such window: window was already closed
  (Session info: chrome=87.0.4280.141)

[2021-02-04 23:06:21][ERROR] Error : Message: no such window: window was already closed
  (Session info: chrome=87.0.4280.141)

[2021-02-04 23:07:24][ERROR] Error : Message: no such window: window was already closed
  (Session info: chrome=87.0.4280.141)

[2021-02-04 23:08:27][ERROR] Error : Message: no such window: window was already closed
  (Session info: chrome=87.0.4280.141)

[2021-02-04 23:09:30][ERROR] Error : Message: no such window: window was already closed
  (Session info: chrome=87.0.4280.141)

[2021-02-04 23:10:33][ERROR] Error : Message: no such window: window was already closed
  (Session info: chrome=87.0.4280.141)

[2021-02-04 23:11:36][ERROR] Error : Message: no such window: window was already closed
  (Session info: chrome=87.0.4280.141)

[2021-02-04 23:12:39][ERROR] Error : Message: no such window: window was already closed
  (Session info: chrome=87.0.4280.141)

[2021-02-04 23:13:42][ERROR] Error : Message: no such window: window was already closed
  (Session info: chrome=87.0.4280.141)

[2021-02-04 23:14:45][ERROR] Error : Message: no such window: window was already closed
  (Session info: chrome=87.0.4280.141)

[2021-02-04 23:15:48][ERROR] Error : Message: no such window: window was already closed
  (Session info: chrome=87.0.4280.141)

[2021-02-04 23:16:51][ERROR] Error : Message: no such window: window was already closed
  (Session info: chrome=87.0.4280.141)

[2021-02-04 23:19:54][ERROR] Error : Message: no such window: window was already closed
  (Session info: chrome=87.0.4280.141)

[2021-02-04 23:20:57][ERROR] Error : Message: no such window: window was already closed
  (Session info: chrome=87.0.4280.141)

[2021-02-04 23:22:00][ERROR] Error : Message: no such window: window was already closed
  (Session info: chrome=87.0.4280.141)

[2021-02-04 23:23:03][ERROR] Error : Message: no such window: window was already closed
  (Session info: chrome=87.0.4280.141)

[2021-02-04 23:24:07][ERROR] Error : Message: no such window: window was already closed
  (Session info: chrome=87.0.4280.141)

[2021-02-04 23:25:10][ERROR] Error : Message: no such window: window was already closed
  (Session info: chrome=87.0.4280.141)

[2021-02-04 23:26:13][ERROR] Error : Message: no such window: window was already closed
  (Session info: chrome=87.0.4280.141)

[2021-02-04 23:27:16][ERROR] Error : Message: no such window: window was already closed
  (Session info: chrome=87.0.4280.141)

[2021-02-04 23:28:19][ERROR] Error : Message: no such window: window was already closed
  (Session info: chrome=87.0.4280.141)

[2021-02-04 23:29:22][ERROR] Error : Message: no such window: window was already closed
  (Session info: chrome=87.0.4280.141)

[2021-02-04 23:30:25][ERROR] Error : Message: no such window: window was already closed
  (Session info: chrome=87.0.4280.141)

[2021-02-04 23:31:28][ERROR] Error : Message: no such window: window was already closed
  (Session info: chrome=87.0.4280.141)

[2021-02-04 23:32:31][ERROR] Error : Message: no such window: window was already closed
  (Session info: chrome=87.0.4280.141)

[2021-02-04 23:33:34][ERROR] Error : Message: no such window: window was already closed
  (Session info: chrome=87.0.4280.141)

[2021-02-04 23:34:37][ERROR] Error : Message: no such window: window was already closed
  (Session info: chrome=87.0.4280.141)

[2021-02-04 23:35:40][ERROR] Error : Message: no such window: window was already closed
  (Session info: chrome=87.0.4280.141)

[2021-02-04 23:36:43][ERROR] Error : Message: no such window: window was already closed
  (Session info: chrome=87.0.4280.141)

[2021-02-04 23:37:46][ERROR] Error : Message: no such window: window was already closed
  (Session info: chrome=87.0.4280.141)

[2021-02-04 23:38:49][ERROR] Error : Message: no such window: window was already closed
  (Session info: chrome=87.0.4280.141)

[2021-02-04 23:39:52][ERROR] Error : Message: no such window: window was already closed
  (Session info: chrome=87.0.4280.141)

[2021-02-04 23:40:55][ERROR] Error : Message: no such window: window was already closed
  (Session info: chrome=87.0.4280.141)

[2021-02-04 23:41:58][ERROR] Error : Message: no such window: window was already closed
  (Session info: chrome=87.0.4280.141)

[2021-02-04 23:43:01][ERROR] Error : Message: no such window: window was already closed
  (Session info: chrome=87.0.4280.141)

[2021-02-04 23:44:04][ERROR] Error : Message: no such window: window was already closed
  (Session info: chrome=87.0.4280.141)

[2021-02-04 23:45:07][ERROR] Error : Message: no such window: window was already closed
  (Session info: chrome=87.0.4280.141)

[2021-02-04 23:46:11][ERROR] Error : Message: no such window: window was already closed
  (Session info: chrome=87.0.4280.141)

[2021-02-04 23:47:14][ERROR] Error : Message: no such window: window was already closed
  (Session info: chrome=87.0.4280.141)

[2021-02-04 23:48:17][ERROR] Error : Message: no such window: window was already closed
  (Session info: chrome=87.0.4280.141)

[2021-02-04 23:49:20][ERROR] Error : Message: no such window: window was already closed
  (Session info: chrome=87.0.4280.141)

[2021-02-04 23:50:23][ERROR] Error : Message: no such window: window was already closed
  (Session info: chrome=87.0.4280.141)

[2021-02-04 23:51:26][ERROR] Error : Message: no such window: window was already closed
  (Session info: chrome=87.0.4280.141)

[2021-02-04 23:52:29][ERROR] Error : Message: no such window: window was already closed
  (Session info: chrome=87.0.4280.141)

[2021-02-04 23:53:32][ERROR] Error : Message: no such window: window was already closed
  (Session info: chrome=87.0.4280.141)

[2021-02-04 23:54:35][ERROR] Error : Message: no such window: window was already closed
  (Session info: chrome=87.0.4280.141)

[2021-02-04 23:55:38][ERROR] Error : Message: no such window: window was already closed
  (Session info: chrome=87.0.4280.141)

[2021-02-04 23:56:41][ERROR] Error : Message: no such window: window was already closed
  (Session info: chrome=87.0.4280.141)

[2021-02-04 23:57:44][ERROR] Error : Message: no such window: window was already closed
  (Session info: chrome=87.0.4280.141)

[2021-02-04 23:58:47][ERROR] Error : Message: no such window: window was already closed
  (Session info: chrome=87.0.4280.141)

[2021-02-04 23:59:50][ERROR] Error : Message: no such window: window was already closed
  (Session info: chrome=87.0.4280.141)

[2021-02-05 00:00:53][ERROR] Error : Message: no such window: window was already closed
  (Session info: chrome=87.0.4280.141)

[2021-02-05 00:01:56][ERROR] Error : Message: no such window: window was already closed
  (Session info: chrome=87.0.4280.141)

[2021-02-05 00:04:59][ERROR] Error : Message: no such window: window was already closed
  (Session info: chrome=87.0.4280.141)

[2021-02-05 00:06:02][ERROR] Error : Message: no such window: window was already closed
  (Session info: chrome=87.0.4280.141)

[2021-02-05 00:07:05][ERROR] Error : Message: no such window: window was already closed
  (Session info: chrome=87.0.4280.141)

[2021-02-05 00:08:09][ERROR] Error : Message: no such window: window was already closed
  (Session info: chrome=87.0.4280.141)

[2021-02-05 00:09:12][ERROR] Error : Message: no such window: window was already closed
  (Session info: chrome=87.0.4280.141)

[2021-02-05 00:10:15][ERROR] Error : Message: no such window: window was already closed
  (Session info: chrome=87.0.4280.141)

[2021-02-05 00:11:18][ERROR] Error : Message: no such window: window was already closed
  (Session info: chrome=87.0.4280.141)

[2021-02-05 00:12:21][ERROR] Error : Message: no such window: window was already closed
  (Session info: chrome=87.0.4280.141)

[2021-02-05 00:13:24][ERROR] Error : Message: no such window: window was already closed
  (Session info: chrome=87.0.4280.141)

[2021-02-05 00:14:27][ERROR] Error : Message: no such window: window was already closed
  (Session info: chrome=87.0.4280.141)

[2021-02-05 00:15:30][ERROR] Error : Message: no such window: window was already closed
  (Session info: chrome=87.0.4280.141)

[2021-02-05 00:16:33][ERROR] Error : Message: no such window: window was already closed
  (Session info: chrome=87.0.4280.141)

[2021-02-05 00:17:36][ERROR] Error : Message: no such window: window was already closed
  (Session info: chrome=87.0.4280.141)

[2021-02-05 00:18:39][ERROR] Error : Message: no such window: window was already closed
  (Session info: chrome=87.0.4280.141)

[2021-02-05 00:19:42][ERROR] Error : Message: no such window: window was already closed
  (Session info: chrome=87.0.4280.141)

[2021-02-05 00:20:45][ERROR] Error : Message: no such window: window was already closed
  (Session info: chrome=87.0.4280.141)

[2021-02-05 00:21:48][ERROR] Error : Message: no such window: window was already closed
  (Session info: chrome=87.0.4280.141)

[2021-02-05 00:22:51][ERROR] Error : Message: no such window: window was already closed
  (Session info: chrome=87.0.4280.141)

[2021-02-05 00:23:54][ERROR] Error : Message: no such window: window was already closed
  (Session info: chrome=87.0.4280.141)

[2021-02-05 00:24:57][ERROR] Error : Message: no such window: window was already closed
  (Session info: chrome=87.0.4280.141)

[2021-02-05 00:26:00][ERROR] Error : Message: no such window: window was already closed
  (Session info: chrome=87.0.4280.141)

[2021-02-05 00:27:04][ERROR] Error : Message: no such window: window was already closed
  (Session info: chrome=87.0.4280.141)

[2021-02-05 00:28:07][ERROR] Error : Message: no such window: window was already closed
  (Session info: chrome=87.0.4280.141)

[2021-02-05 00:29:10][ERROR] Error : Message: no such window: window was already closed
  (Session info: chrome=87.0.4280.141)

[2021-02-05 00:30:13][ERROR] Error : Message: no such window: window was already closed
  (Session info: chrome=87.0.4280.141)

[2021-02-05 00:31:16][ERROR] Error : Message: no such window: window was already closed
  (Session info: chrome=87.0.4280.141)

[2021-02-05 00:32:19][ERROR] Error : Message: no such window: window was already closed
  (Session info: chrome=87.0.4280.141)

[2021-02-05 00:33:22][ERROR] Error : Message: no such window: window was already closed
  (Session info: chrome=87.0.4280.141)

[2021-02-05 00:34:25][ERROR] Error : Message: no such window: window was already closed
  (Session info: chrome=87.0.4280.141)

[2021-02-05 08:35:16][ERROR] Error : Message: no such window: window was already closed
  (Session info: chrome=87.0.4280.141)

[2021-02-05 08:36:19][ERROR] Error : Message: no such window: window was already closed
  (Session info: chrome=87.0.4280.141)

[2021-02-05 16:38:45][ERROR] Error : HTTPSConnectionPool(host='kapi.kakao.com', port=443): Max retries exceeded with url: /v2/api/talk/memo/default/send (Caused by NewConnectionError('<urllib3.connection.VerifiedHTTPSConnection object at 0x000002ACD0A07C48>: Failed to establish a new connection: [WinError 10060] 연결된 구성원으로부터 응답이 없어 연결하지 못했거나, 호스트로부터 응답이 없어 연결이 끊어졌습니다'))
[2021-02-05 20:12:13][ERROR] Error : (1267, "Illegal mix of collations (utf32_general_ci,IMPLICIT) and (utf8_general_ci,COERCIBLE) for operation '='")
[2021-02-05 20:24:56][ERROR] Error : Message: element not interactable
  (Session info: chrome=87.0.4280.141)

[2021-02-08 11:28:16][ERROR] Error : 'NoneType' object has no attribute 'find'
[2021-02-08 11:29:40][ERROR] Error : 'NoneType' object has no attribute 'find'
[2021-02-08 11:47:01][ERROR] Error : 'NoneType' object has no attribute 'find'
[2021-02-08 11:48:25][ERROR] Error : 'NoneType' object has no attribute 'find'
[2021-02-08 12:19:12][ERROR] Error : 'NoneType' object has no attribute 'find'
[2021-02-08 12:39:19][ERROR] Error : 'NoneType' object has no attribute 'find'
[2021-02-08 12:56:01][ERROR] Error : 'NoneType' object has no attribute 'find'
[2021-02-08 13:07:08][ERROR] Error : Message: element not interactable
  (Session info: chrome=88.0.4324.146)

[2021-02-08 13:09:34][ERROR] Error : 'NoneType' object has no attribute 'find'
[2021-02-08 13:26:39][ERROR] Error : 'NoneType' object has no attribute 'find'
[2021-02-08 15:36:06][ERROR] Error : Message: element not interactable
  (Session info: chrome=88.0.4324.146)

[2021-02-08 16:08:57][ERROR] Error : 'NoneType' object has no attribute 'find'
[2021-02-10 09:56:52][ERROR] Error : Message: element click intercepted: Element is not clickable at point (579, 592)
  (Session info: chrome=88.0.4324.146)

[2021-02-10 15:19:20][ERROR] Error : Message: element not interactable
  (Session info: chrome=88.0.4324.146)

[2021-02-10 15:22:17][ERROR] Error : Message: element not interactable
  (Session info: chrome=88.0.4324.146)

[2021-02-10 17:35:49][ERROR] Error : (1267, "Illegal mix of collations (utf32_general_ci,IMPLICIT) and (utf8_general_ci,COERCIBLE) for operation '='")
[2021-02-10 17:40:54][ERROR] Error : Message: disconnected: not connected to DevTools
  (Session info: chrome=88.0.4324.146)

[2021-02-10 20:29:56][ERROR] Error : Message: element not interactable
  (Session info: chrome=88.0.4324.146)

[2021-02-10 20:47:09][ERROR] Error : 'access_token'
[2021-02-15 16:43:58][ERROR] Error : Message: element click intercepted: Element <div class="t2vtad hide-focus-ring hdtb-tl-sel" id="hdtb-tls" aria-controls="hdtbMenus" aria-expanded="true" role="button" tabindex="0" data-ved="2ahUKEwisnpzyr-vuAhXZ7WEKHYeGDmoQ2x96BAgqEBc">...</div> is not clickable at point (807, 47). Other element would receive the click: <button class="Tg7LZd" jsname="Tg7LZd" aria-label="Google 검색" type="submit" data-ved="0ahUKEwisnpzyr-vuAhXZ7WEKHYeGDmoQ4dUDCA0">...</button>
  (Session info: chrome=88.0.4324.150)

[2021-02-15 16:45:14][ERROR] Error : Message: element not interactable
  (Session info: chrome=88.0.4324.150)

[2021-02-16 02:53:07][ERROR] Error : Message: disconnected: not connected to DevTools
  (Session info: chrome=88.0.4324.150)

[2021-02-16 08:38:49][ERROR] Error : (2006, "MySQL server has gone away (ConnectionAbortedError(10053, '현재 연결은 사용자의 호스트 시스템의 소프트웨어의 의해 중단되었습니다', None, 10053, None))")
[2021-02-16 08:40:34][ERROR] Error : (0, '')
[2021-02-16 08:42:16][ERROR] Error : (0, '')
